2023-06-28T21:50:32,110  WARN PrepareForSimImpl:229 'usePersonIdForMissingVehicleId' is deprecated. It will be removed soon.
2023-06-28T21:50:32,361  WARN PreProcessEuclidean:60 There are links with stored length smaller than their Euclidean distance in this network. Thus, A* cannot guarantee to calculate the least-cost paths between two nodes.
2023-06-28T21:50:35,682  WARN RandomizingTimeDistanceTravelDisutilityFactory:113 There will be no routing randomness. The randomization of the travel disutility requires the monetary distance rate to be different than zero. Continuing anyway.
2023-06-28T21:50:35,682  WARN RandomizingTimeDistanceTravelDisutilityFactory:118 There will be no routing randomness. The randomization of the travel disutility requires the travel time cost rate to be different than zero. Continuing anyway.
2023-06-28T21:50:35,862  WARN PreProcessEuclidean:60 There are links with stored length smaller than their Euclidean distance in this network. Thus, A* cannot guarantee to calculate the least-cost paths between two nodes.
2023-06-28T21:50:42,625 ERROR AbstractController:223 Mobsim did not complete normally! afterMobsimListeners will be called anyway.
java.lang.OutOfMemoryError: Java heap space
	at com.google.inject.internal.DefaultConstructionProxyFactory$FastClassProxy.newInstance(DefaultConstructionProxyFactory.java:84) ~[guice-5.1.0.jar:?]
	at com.google.inject.internal.ConstructorInjector.provision(ConstructorInjector.java:114) ~[guice-5.1.0.jar:?]
	at com.google.inject.internal.ConstructorInjector.construct(ConstructorInjector.java:91) ~[guice-5.1.0.jar:?]
	at com.google.inject.internal.ConstructorBindingImpl$Factory.get(ConstructorBindingImpl.java:300) ~[guice-5.1.0.jar:?]
	at com.google.inject.internal.FactoryProxy.get(FactoryProxy.java:60) ~[guice-5.1.0.jar:?]
	at com.google.inject.internal.ProviderToInternalFactoryAdapter.get(ProviderToInternalFactoryAdapter.java:40) ~[guice-5.1.0.jar:?]
	at com.google.inject.internal.SingletonScope$1.get(SingletonScope.java:169) ~[guice-5.1.0.jar:?]
	at com.google.inject.internal.InternalFactoryToProviderAdapter.get(InternalFactoryToProviderAdapter.java:45) ~[guice-5.1.0.jar:?]
	at com.google.inject.internal.InternalInjectorCreator.loadEagerSingletons(InternalInjectorCreator.java:213) ~[guice-5.1.0.jar:?]
	at com.google.inject.internal.InternalInjectorCreator.injectDynamically(InternalInjectorCreator.java:186) ~[guice-5.1.0.jar:?]
	at com.google.inject.internal.InternalInjectorCreator.build(InternalInjectorCreator.java:113) ~[guice-5.1.0.jar:?]
	at com.google.inject.internal.InjectorImpl.createChildInjector(InjectorImpl.java:238) ~[guice-5.1.0.jar:?]
	at com.google.inject.internal.InjectorImpl.createChildInjector(InjectorImpl.java:243) ~[guice-5.1.0.jar:?]
	at org.matsim.core.mobsim.qsim.QSimProvider.get(QSimProvider.java:113) ~[matsim-15.0-2023w14.jar:?]
	at org.matsim.core.mobsim.qsim.QSimProvider.get(QSimProvider.java:55) ~[matsim-15.0-2023w14.jar:?]
	at com.google.inject.internal.ProviderInternalFactory.provision(ProviderInternalFactory.java:86) ~[guice-5.1.0.jar:?]
	at com.google.inject.internal.BoundProviderFactory.provision(BoundProviderFactory.java:72) ~[guice-5.1.0.jar:?]
	at com.google.inject.internal.ProviderInternalFactory.circularGet(ProviderInternalFactory.java:60) ~[guice-5.1.0.jar:?]
	at com.google.inject.internal.BoundProviderFactory.get(BoundProviderFactory.java:59) ~[guice-5.1.0.jar:?]
	at com.google.inject.internal.InjectorImpl$1.get(InjectorImpl.java:1101) ~[guice-5.1.0.jar:?]
	at org.matsim.core.controler.NewControler.runMobSim(NewControler.java:125) ~[matsim-15.0-2023w14.jar:?]
	at org.matsim.core.controler.AbstractController$8.run(AbstractController.java:212) ~[matsim-15.0-2023w14.jar:?]
	at org.matsim.core.controler.AbstractController.iterationStep(AbstractController.java:244) ~[matsim-15.0-2023w14.jar:?]
	at org.matsim.core.controler.AbstractController.mobsim(AbstractController.java:208) ~[matsim-15.0-2023w14.jar:?]
	at org.matsim.core.controler.AbstractController.iteration(AbstractController.java:155) ~[matsim-15.0-2023w14.jar:?]
	at org.matsim.core.controler.AbstractController.doIterations(AbstractController.java:122) ~[matsim-15.0-2023w14.jar:?]
	at org.matsim.core.controler.AbstractController$1.run(AbstractController.java:82) ~[matsim-15.0-2023w14.jar:?]
	at org.matsim.core.controler.MatsimRuntimeModifications.run(MatsimRuntimeModifications.java:70) ~[matsim-15.0-2023w14.jar:?]
	at org.matsim.core.controler.MatsimRuntimeModifications.run(MatsimRuntimeModifications.java:53) ~[matsim-15.0-2023w14.jar:?]
	at org.matsim.core.controler.AbstractController.run(AbstractController.java:90) ~[matsim-15.0-2023w14.jar:?]
	at org.matsim.core.controler.NewControler.run(NewControler.java:83) ~[matsim-15.0-2023w14.jar:?]
	at org.matsim.core.controler.Controler.run(Controler.java:250) ~[matsim-15.0-2023w14.jar:?]
2023-06-28T21:50:42,636 ERROR MatsimRuntimeModifications:76 Getting uncaught Exception in Thread main
java.lang.OutOfMemoryError: Java heap space
	at com.google.inject.internal.DefaultConstructionProxyFactory$FastClassProxy.newInstance(DefaultConstructionProxyFactory.java:84) ~[guice-5.1.0.jar:?]
	at com.google.inject.internal.ConstructorInjector.provision(ConstructorInjector.java:114) ~[guice-5.1.0.jar:?]
	at com.google.inject.internal.ConstructorInjector.construct(ConstructorInjector.java:91) ~[guice-5.1.0.jar:?]
	at com.google.inject.internal.ConstructorBindingImpl$Factory.get(ConstructorBindingImpl.java:300) ~[guice-5.1.0.jar:?]
	at com.google.inject.internal.FactoryProxy.get(FactoryProxy.java:60) ~[guice-5.1.0.jar:?]
	at com.google.inject.internal.ProviderToInternalFactoryAdapter.get(ProviderToInternalFactoryAdapter.java:40) ~[guice-5.1.0.jar:?]
	at com.google.inject.internal.SingletonScope$1.get(SingletonScope.java:169) ~[guice-5.1.0.jar:?]
	at com.google.inject.internal.InternalFactoryToProviderAdapter.get(InternalFactoryToProviderAdapter.java:45) ~[guice-5.1.0.jar:?]
	at com.google.inject.internal.InternalInjectorCreator.loadEagerSingletons(InternalInjectorCreator.java:213) ~[guice-5.1.0.jar:?]
	at com.google.inject.internal.InternalInjectorCreator.injectDynamically(InternalInjectorCreator.java:186) ~[guice-5.1.0.jar:?]
	at com.google.inject.internal.InternalInjectorCreator.build(InternalInjectorCreator.java:113) ~[guice-5.1.0.jar:?]
	at com.google.inject.internal.InjectorImpl.createChildInjector(InjectorImpl.java:238) ~[guice-5.1.0.jar:?]
	at com.google.inject.internal.InjectorImpl.createChildInjector(InjectorImpl.java:243) ~[guice-5.1.0.jar:?]
	at org.matsim.core.mobsim.qsim.QSimProvider.get(QSimProvider.java:113) ~[matsim-15.0-2023w14.jar:?]
	at org.matsim.core.mobsim.qsim.QSimProvider.get(QSimProvider.java:55) ~[matsim-15.0-2023w14.jar:?]
	at com.google.inject.internal.ProviderInternalFactory.provision(ProviderInternalFactory.java:86) ~[guice-5.1.0.jar:?]
	at com.google.inject.internal.BoundProviderFactory.provision(BoundProviderFactory.java:72) ~[guice-5.1.0.jar:?]
	at com.google.inject.internal.ProviderInternalFactory.circularGet(ProviderInternalFactory.java:60) ~[guice-5.1.0.jar:?]
	at com.google.inject.internal.BoundProviderFactory.get(BoundProviderFactory.java:59) ~[guice-5.1.0.jar:?]
	at com.google.inject.internal.InjectorImpl$1.get(InjectorImpl.java:1101) ~[guice-5.1.0.jar:?]
	at org.matsim.core.controler.NewControler.runMobSim(NewControler.java:125) ~[matsim-15.0-2023w14.jar:?]
	at org.matsim.core.controler.AbstractController$8.run(AbstractController.java:212) ~[matsim-15.0-2023w14.jar:?]
	at org.matsim.core.controler.AbstractController.iterationStep(AbstractController.java:244) ~[matsim-15.0-2023w14.jar:?]
	at org.matsim.core.controler.AbstractController.mobsim(AbstractController.java:208) ~[matsim-15.0-2023w14.jar:?]
	at org.matsim.core.controler.AbstractController.iteration(AbstractController.java:155) ~[matsim-15.0-2023w14.jar:?]
	at org.matsim.core.controler.AbstractController.doIterations(AbstractController.java:122) ~[matsim-15.0-2023w14.jar:?]
	at org.matsim.core.controler.AbstractController$1.run(AbstractController.java:82) ~[matsim-15.0-2023w14.jar:?]
	at org.matsim.core.controler.MatsimRuntimeModifications.run(MatsimRuntimeModifications.java:70) ~[matsim-15.0-2023w14.jar:?]
	at org.matsim.core.controler.MatsimRuntimeModifications.run(MatsimRuntimeModifications.java:53) ~[matsim-15.0-2023w14.jar:?]
	at org.matsim.core.controler.AbstractController.run(AbstractController.java:90) ~[matsim-15.0-2023w14.jar:?]
	at org.matsim.core.controler.NewControler.run(NewControler.java:83) ~[matsim-15.0-2023w14.jar:?]
	at org.matsim.core.controler.Controler.run(Controler.java:250) ~[matsim-15.0-2023w14.jar:?]
2023-06-28T21:50:42,636 ERROR MatsimRuntimeModifications:82 ERROR --- This is an unexpected shutdown!
2023-06-28T21:50:42,636 ERROR MatsimRuntimeModifications:85 Shutdown possibly caused by the following Exception:
java.lang.OutOfMemoryError: Java heap space
	at com.google.inject.internal.DefaultConstructionProxyFactory$FastClassProxy.newInstance(DefaultConstructionProxyFactory.java:84) ~[guice-5.1.0.jar:?]
	at com.google.inject.internal.ConstructorInjector.provision(ConstructorInjector.java:114) ~[guice-5.1.0.jar:?]
	at com.google.inject.internal.ConstructorInjector.construct(ConstructorInjector.java:91) ~[guice-5.1.0.jar:?]
	at com.google.inject.internal.ConstructorBindingImpl$Factory.get(ConstructorBindingImpl.java:300) ~[guice-5.1.0.jar:?]
	at com.google.inject.internal.FactoryProxy.get(FactoryProxy.java:60) ~[guice-5.1.0.jar:?]
	at com.google.inject.internal.ProviderToInternalFactoryAdapter.get(ProviderToInternalFactoryAdapter.java:40) ~[guice-5.1.0.jar:?]
	at com.google.inject.internal.SingletonScope$1.get(SingletonScope.java:169) ~[guice-5.1.0.jar:?]
	at com.google.inject.internal.InternalFactoryToProviderAdapter.get(InternalFactoryToProviderAdapter.java:45) ~[guice-5.1.0.jar:?]
	at com.google.inject.internal.InternalInjectorCreator.loadEagerSingletons(InternalInjectorCreator.java:213) ~[guice-5.1.0.jar:?]
	at com.google.inject.internal.InternalInjectorCreator.injectDynamically(InternalInjectorCreator.java:186) ~[guice-5.1.0.jar:?]
	at com.google.inject.internal.InternalInjectorCreator.build(InternalInjectorCreator.java:113) ~[guice-5.1.0.jar:?]
	at com.google.inject.internal.InjectorImpl.createChildInjector(InjectorImpl.java:238) ~[guice-5.1.0.jar:?]
	at com.google.inject.internal.InjectorImpl.createChildInjector(InjectorImpl.java:243) ~[guice-5.1.0.jar:?]
	at org.matsim.core.mobsim.qsim.QSimProvider.get(QSimProvider.java:113) ~[matsim-15.0-2023w14.jar:?]
	at org.matsim.core.mobsim.qsim.QSimProvider.get(QSimProvider.java:55) ~[matsim-15.0-2023w14.jar:?]
	at com.google.inject.internal.ProviderInternalFactory.provision(ProviderInternalFactory.java:86) ~[guice-5.1.0.jar:?]
	at com.google.inject.internal.BoundProviderFactory.provision(BoundProviderFactory.java:72) ~[guice-5.1.0.jar:?]
	at com.google.inject.internal.ProviderInternalFactory.circularGet(ProviderInternalFactory.java:60) ~[guice-5.1.0.jar:?]
	at com.google.inject.internal.BoundProviderFactory.get(BoundProviderFactory.java:59) ~[guice-5.1.0.jar:?]
	at com.google.inject.internal.InjectorImpl$1.get(InjectorImpl.java:1101) ~[guice-5.1.0.jar:?]
	at org.matsim.core.controler.NewControler.runMobSim(NewControler.java:125) ~[matsim-15.0-2023w14.jar:?]
	at org.matsim.core.controler.AbstractController$8.run(AbstractController.java:212) ~[matsim-15.0-2023w14.jar:?]
	at org.matsim.core.controler.AbstractController.iterationStep(AbstractController.java:244) ~[matsim-15.0-2023w14.jar:?]
	at org.matsim.core.controler.AbstractController.mobsim(AbstractController.java:208) ~[matsim-15.0-2023w14.jar:?]
	at org.matsim.core.controler.AbstractController.iteration(AbstractController.java:155) ~[matsim-15.0-2023w14.jar:?]
	at org.matsim.core.controler.AbstractController.doIterations(AbstractController.java:122) ~[matsim-15.0-2023w14.jar:?]
	at org.matsim.core.controler.AbstractController$1.run(AbstractController.java:82) ~[matsim-15.0-2023w14.jar:?]
	at org.matsim.core.controler.MatsimRuntimeModifications.run(MatsimRuntimeModifications.java:70) ~[matsim-15.0-2023w14.jar:?]
	at org.matsim.core.controler.MatsimRuntimeModifications.run(MatsimRuntimeModifications.java:53) ~[matsim-15.0-2023w14.jar:?]
	at org.matsim.core.controler.AbstractController.run(AbstractController.java:90) ~[matsim-15.0-2023w14.jar:?]
	at org.matsim.core.controler.NewControler.run(NewControler.java:83) ~[matsim-15.0-2023w14.jar:?]
	at org.matsim.core.controler.Controler.run(Controler.java:250) ~[matsim-15.0-2023w14.jar:?]
2023-06-28T21:50:42,646 ERROR MatsimRuntimeModifications:100 ERROR --- MATSim unexpectedly terminated. Please check the output or the logfile with warnings and errors for hints.
2023-06-28T21:50:42,646 ERROR MatsimRuntimeModifications:101 ERROR --- results should not be used for further analysis.
2023-06-28T21:50:42,646 ERROR MatsimRuntimeModifications:105 ERROR --- This was an unexpected shutdown! See the log file for a possible reason.
